d:\data\raphael\trabajos-progra2\discroom\discroom\debug\vc141.pdb
d:\data\raphael\trabajos-progra2\discroom\discroom\debug\.netframework,version=v4.6.1.assemblyattributes.obj
d:\data\raphael\trabajos-progra2\discroom\discroom\debug\.netframework,version=v4.6.1.assemblyattributes.asm
d:\data\raphael\trabajos-progra2\discroom\discroom\debug\sprite.obj
d:\data\raphael\trabajos-progra2\discroom\discroom\debug\myform.obj
d:\data\raphael\trabajos-progra2\discroom\discroom\debug\controlador.obj
d:\data\raphael\trabajos-progra2\discroom\discroom\debug\personaje.obj
d:\data\raphael\trabajos-progra2\discroom\discroom\debug\disco.obj
d:\data\raphael\trabajos-progra2\discroom\discroom\debug\arreglodisco.obj
d:\data\raphael\trabajos-progra2\discroom\discroom\debug\fondo.obj
d:\data\raphael\trabajos-progra2\discroom\discroom\debug\juego.obj
d:\data\raphael\trabajos-progra2\discroom\discroom\debug\nivel.obj
d:\data\raphael\trabajos-progra2\discroom\discroom\debug\discroom.myform.resources
d:\data\raphael\trabajos-progra2\discroom\debug\discroom.exe
d:\data\raphael\trabajos-progra2\discroom\debug\discroom.pdb
d:\data\raphael\trabajos-progra2\discroom\discroom\debug\discroom.vcxproj.generateresource.cache
d:\data\raphael\trabajos-progra2\discroom\discroom\debug\discroom.vcxprojassemblyreference.cache
d:\data\raphael\trabajos-progra2\discroom\discroom\debug\discroom.tlog\cl.command.1.tlog
d:\data\raphael\trabajos-progra2\discroom\discroom\debug\discroom.tlog\cl.read.1.tlog
d:\data\raphael\trabajos-progra2\discroom\discroom\debug\discroom.tlog\cl.write.1.tlog
d:\data\raphael\trabajos-progra2\discroom\discroom\debug\discroom.tlog\discroom.write.1u.tlog
d:\data\raphael\trabajos-progra2\discroom\discroom\debug\discroom.tlog\link.command.1.tlog
d:\data\raphael\trabajos-progra2\discroom\discroom\debug\discroom.tlog\link.read.1.tlog
d:\data\raphael\trabajos-progra2\discroom\discroom\debug\discroom.tlog\link.write.1.tlog
d:\data\raphael\trabajos-progra2\discroom\discroom\debug\discroom.tlog\metagen.read.1.tlog
d:\data\raphael\trabajos-progra2\discroom\discroom\debug\discroom.tlog\metagen.write.1.tlog
d:\data\raphael\trabajos-progra2\discroom\discroom\debug\discroom.tlog\tzres.dll.bi
